E:\标定前期任务\程序_郑帅\标定\八相机基于六图像的标定&校正\八相机\双相机标定及校正程序整理\STEREOCALIBRATION\STEREOCALIBRATION\DEBUG\STEREOCALIBRATION.EXE
E:\标定前期任务\程序_郑帅\标定\八相机基于六图像的标定&校正\八相机\双相机标定及校正程序整理\STEREOCALIBRATION\STEREOCALIBRATION\DEBUG\STEREOCALIBRATION.EXE.MANIFEST
E:\标定前期任务\程序_郑帅\标定\八相机基于六图像的标定&校正\八相机\双相机标定及校正程序整理\STEREOCALIBRATION\STEREOCALIBRATION\DEBUG\STEREOCALIBRATION.ILK
E:\标定前期任务\程序_郑帅\标定\八相机基于六图像的标定&校正\八相机\双相机标定及校正程序整理\STEREOCALIBRATION\STEREOCALIBRATION\DEBUG\STEREOCALIBRATION.PDB
E:\标定前期任务\程序_郑帅\标定\八相机基于六图像的标定&校正\八相机\双相机标定及校正程序整理\StereoCalibration\StereoCalibration\StereoCalibration\Debug\cl.command.1.tlog
E:\标定前期任务\程序_郑帅\标定\八相机基于六图像的标定&校正\八相机\双相机标定及校正程序整理\StereoCalibration\StereoCalibration\StereoCalibration\Debug\CL.read.1.tlog
E:\标定前期任务\程序_郑帅\标定\八相机基于六图像的标定&校正\八相机\双相机标定及校正程序整理\StereoCalibration\StereoCalibration\StereoCalibration\Debug\CL.write.1.tlog
E:\标定前期任务\程序_郑帅\标定\八相机基于六图像的标定&校正\八相机\双相机标定及校正程序整理\STEREOCALIBRATION\STEREOCALIBRATION\STEREOCALIBRATION\DEBUG\FUNC.OBJ
E:\标定前期任务\程序_郑帅\标定\八相机基于六图像的标定&校正\八相机\双相机标定及校正程序整理\StereoCalibration\StereoCalibration\StereoCalibration\Debug\link.command.1.tlog
E:\标定前期任务\程序_郑帅\标定\八相机基于六图像的标定&校正\八相机\双相机标定及校正程序整理\StereoCalibration\StereoCalibration\StereoCalibration\Debug\link.read.1.tlog
E:\标定前期任务\程序_郑帅\标定\八相机基于六图像的标定&校正\八相机\双相机标定及校正程序整理\StereoCalibration\StereoCalibration\StereoCalibration\Debug\link.write.1.tlog
E:\标定前期任务\程序_郑帅\标定\八相机基于六图像的标定&校正\八相机\双相机标定及校正程序整理\STEREOCALIBRATION\STEREOCALIBRATION\STEREOCALIBRATION\DEBUG\MAIN.OBJ
E:\标定前期任务\程序_郑帅\标定\八相机基于六图像的标定&校正\八相机\双相机标定及校正程序整理\StereoCalibration\StereoCalibration\StereoCalibration\Debug\mt.command.1.tlog
E:\标定前期任务\程序_郑帅\标定\八相机基于六图像的标定&校正\八相机\双相机标定及校正程序整理\StereoCalibration\StereoCalibration\StereoCalibration\Debug\mt.read.1.tlog
E:\标定前期任务\程序_郑帅\标定\八相机基于六图像的标定&校正\八相机\双相机标定及校正程序整理\StereoCalibration\StereoCalibration\StereoCalibration\Debug\mt.write.1.tlog
E:\标定前期任务\程序_郑帅\标定\八相机基于六图像的标定&校正\八相机\双相机标定及校正程序整理\STEREOCALIBRATION\STEREOCALIBRATION\STEREOCALIBRATION\DEBUG\STDAFX.OBJ
E:\标定前期任务\程序_郑帅\标定\八相机基于六图像的标定&校正\八相机\双相机标定及校正程序整理\STEREOCALIBRATION\STEREOCALIBRATION\STEREOCALIBRATION\DEBUG\STEREOCALIBRATION.EXE.INTERMEDIATE.MANIFEST
E:\标定前期任务\程序_郑帅\标定\八相机基于六图像的标定&校正\八相机\双相机标定及校正程序整理\StereoCalibration\StereoCalibration\StereoCalibration\Debug\StereoCalibration.write.1.tlog
E:\标定前期任务\程序_郑帅\标定\八相机基于六图像的标定&校正\八相机\双相机标定及校正程序整理\StereoCalibration\StereoCalibration\StereoCalibration\Debug\vc100.idb
E:\标定前期任务\程序_郑帅\标定\八相机基于六图像的标定&校正\八相机\双相机标定及校正程序整理\STEREOCALIBRATION\STEREOCALIBRATION\STEREOCALIBRATION\DEBUG\VC100.PDB
